{
  "RSpec": {
    "coverage": {
      "/Users/akshay/Downloads/Projects/Practice/emeritus_assignment/app/models/school.rb": {
        "lines": [
          1,
          2,
          null,
          null,
          1,
          1,
          1,
          1,
          null,
          null
        ]
      },
      "/Users/akshay/Downloads/Projects/Practice/emeritus_assignment/app/models/course.rb": {
        "lines": [
          1,
          1,
          1,
          null,
          1,
          1,
          null
        ]
      },
      "/Users/akshay/Downloads/Projects/Practice/emeritus_assignment/app/models/batch.rb": {
        "lines": [
          1,
          1,
          1,
          null,
          1,
          null,
          1,
          1,
          1,
          1,
          null,
          1,
          1,
          1,
          null,
          1,
          0,
          1,
          0,
          null,
          null,
          null
        ]
      },
      "/Users/akshay/Downloads/Projects/Practice/emeritus_assignment/app/models/ability.rb": {
        "lines": [
          null,
          null,
          1,
          1,
          null,
          1,
          15,
          null,
          1,
          null,
          4,
          4,
          4,
          4,
          null,
          10,
          10,
          null,
          null,
          null
        ]
      },
      "/Users/akshay/Downloads/Projects/Practice/emeritus_assignment/app/models/enrollment_request.rb": {
        "lines": [
          1,
          1,
          1,
          1,
          null,
          1,
          null,
          null,
          null,
          1,
          null,
          1,
          0,
          null,
          null
        ]
      },
      "/Users/akshay/Downloads/Projects/Practice/emeritus_assignment/app/mailers/application_mailer.rb": {
        "lines": [
          0,
          0,
          0,
          0
        ],
        "branches": {
        }
      },
      "/Users/akshay/Downloads/Projects/Practice/emeritus_assignment/app/models/application_record.rb": {
        "lines": [
          0,
          0,
          0
        ],
        "branches": {
        }
      },
      "/Users/akshay/Downloads/Projects/Practice/emeritus_assignment/app/models/user.rb": {
        "lines": [
          0,
          null,
          null,
          0,
          0,
          null,
          0,
          null,
          0,
          0,
          0,
          null,
          0,
          0,
          0,
          0
        ],
        "branches": {
        }
      },
      "/Users/akshay/Downloads/Projects/Practice/emeritus_assignment/app/jobs/application_job.rb": {
        "lines": [
          0,
          null,
          null,
          null,
          null,
          null,
          0
        ],
        "branches": {
        }
      },
      "/Users/akshay/Downloads/Projects/Practice/emeritus_assignment/app/controllers/application_controller.rb": {
        "lines": [
          0,
          0,
          null,
          0,
          0
        ],
        "branches": {
        }
      },
      "/Users/akshay/Downloads/Projects/Practice/emeritus_assignment/app/controllers/schools_controller.rb": {
        "lines": [
          0,
          0,
          0,
          null,
          null,
          0,
          0,
          0,
          0,
          0,
          0,
          0,
          null,
          null,
          0,
          0,
          null,
          null,
          0,
          0,
          0,
          null,
          null,
          0,
          0,
          null,
          null,
          0,
          0,
          null,
          0,
          0,
          0,
          0,
          0,
          0,
          0,
          0,
          0,
          0,
          null,
          null,
          0,
          0,
          0,
          0,
          0,
          0,
          0,
          0,
          0,
          0,
          0,
          null,
          null,
          0,
          0,
          null,
          0,
          0,
          0,
          0,
          0,
          null,
          0,
          0,
          0,
          0,
          null,
          null,
          0,
          0,
          0,
          0
        ],
        "branches": {
        }
      },
      "/Users/akshay/Downloads/Projects/Practice/emeritus_assignment/app/controllers/enrollment_requests_controller.rb": {
        "lines": [
          0,
          0,
          0,
          null,
          null,
          0,
          0,
          0,
          null,
          null,
          0,
          0,
          null,
          null,
          0,
          0,
          0,
          null,
          null,
          0,
          0,
          null,
          null,
          0,
          0,
          null,
          0,
          0,
          0,
          0,
          0,
          0,
          0,
          0,
          0,
          0,
          0,
          null,
          null,
          0,
          0,
          0,
          0,
          0,
          0,
          0,
          0,
          0,
          0,
          0,
          null,
          null,
          0,
          0,
          null,
          0,
          0,
          0,
          0,
          0,
          null,
          0,
          0,
          0,
          null,
          0,
          0,
          0,
          null,
          null,
          0,
          null,
          0,
          0,
          0,
          null,
          0,
          0,
          0,
          null,
          null,
          0,
          0,
          0,
          0
        ],
        "branches": {
        }
      },
      "/Users/akshay/Downloads/Projects/Practice/emeritus_assignment/app/controllers/courses_controller.rb": {
        "lines": [
          0,
          0,
          0,
          null,
          null,
          0,
          0,
          0,
          null,
          null,
          0,
          0,
          null,
          null,
          0,
          0,
          0,
          null,
          null,
          0,
          0,
          null,
          null,
          0,
          0,
          null,
          0,
          0,
          0,
          0,
          0,
          0,
          0,
          0,
          0,
          0,
          null,
          null,
          0,
          0,
          0,
          0,
          0,
          0,
          0,
          0,
          0,
          0,
          0,
          null,
          null,
          0,
          0,
          null,
          0,
          0,
          0,
          0,
          0,
          null,
          0,
          null,
          0,
          0,
          0,
          null,
          null,
          0,
          0,
          0,
          0
        ],
        "branches": {
        }
      },
      "/Users/akshay/Downloads/Projects/Practice/emeritus_assignment/app/controllers/batches_controller.rb": {
        "lines": [
          0,
          0,
          null,
          null,
          0,
          null,
          null,
          0,
          0,
          0,
          null,
          null,
          0,
          0,
          0,
          0,
          null,
          null,
          0,
          0,
          0,
          null,
          null,
          0,
          0,
          null,
          null,
          0,
          0,
          null,
          0,
          0,
          0,
          0,
          0,
          0,
          0,
          0,
          0,
          0,
          null,
          null,
          0,
          0,
          0,
          0,
          0,
          0,
          0,
          0,
          0,
          0,
          0,
          null,
          null,
          0,
          0,
          null,
          0,
          0,
          0,
          0,
          0,
          null,
          0,
          0,
          0,
          null,
          0,
          0,
          0,
          null,
          null,
          0,
          null,
          0,
          0,
          0,
          null,
          0,
          0,
          0,
          0,
          null,
          null,
          0,
          0,
          0,
          0
        ],
        "branches": {
        }
      },
      "/Users/akshay/Downloads/Projects/Practice/emeritus_assignment/app/controllers/users_controller.rb": {
        "lines": [
          null,
          null,
          0,
          null,
          0,
          0,
          0,
          0,
          0
        ],
        "branches": {
        }
      },
      "/Users/akshay/Downloads/Projects/Practice/emeritus_assignment/app/controllers/users/omniauth_callbacks_controller.rb": {
        "lines": [
          null,
          null,
          0,
          null,
          null,
          null,
          null,
          null,
          null,
          null,
          null,
          null,
          null,
          null,
          null,
          null,
          null,
          null,
          null,
          null,
          null,
          null,
          null,
          null,
          null,
          null,
          null,
          null,
          null,
          0
        ],
        "branches": {
        }
      },
      "/Users/akshay/Downloads/Projects/Practice/emeritus_assignment/app/controllers/users/passwords_controller.rb": {
        "lines": [
          null,
          null,
          0,
          null,
          null,
          null,
          null,
          null,
          null,
          null,
          null,
          null,
          null,
          null,
          null,
          null,
          null,
          null,
          null,
          null,
          null,
          null,
          null,
          null,
          null,
          null,
          null,
          null,
          null,
          null,
          null,
          null,
          null,
          0
        ],
        "branches": {
        }
      },
      "/Users/akshay/Downloads/Projects/Practice/emeritus_assignment/app/controllers/users/sessions_controller.rb": {
        "lines": [
          null,
          null,
          0,
          null,
          null,
          null,
          null,
          null,
          null,
          null,
          null,
          null,
          null,
          null,
          null,
          null,
          null,
          null,
          null,
          null,
          null,
          null,
          null,
          null,
          null,
          null,
          0
        ],
        "branches": {
        }
      },
      "/Users/akshay/Downloads/Projects/Practice/emeritus_assignment/app/controllers/users/unlocks_controller.rb": {
        "lines": [
          null,
          null,
          0,
          null,
          null,
          null,
          null,
          null,
          null,
          null,
          null,
          null,
          null,
          null,
          null,
          null,
          null,
          null,
          null,
          null,
          null,
          null,
          null,
          null,
          null,
          null,
          null,
          null,
          null,
          0
        ],
        "branches": {
        }
      },
      "/Users/akshay/Downloads/Projects/Practice/emeritus_assignment/app/controllers/users/confirmations_controller.rb": {
        "lines": [
          null,
          null,
          0,
          null,
          null,
          null,
          null,
          null,
          null,
          null,
          null,
          null,
          null,
          null,
          null,
          null,
          null,
          null,
          null,
          null,
          null,
          null,
          null,
          null,
          null,
          null,
          null,
          null,
          null,
          0
        ],
        "branches": {
        }
      },
      "/Users/akshay/Downloads/Projects/Practice/emeritus_assignment/app/controllers/users/registrations_controller.rb": {
        "lines": [
          null,
          null,
          0,
          null,
          null,
          null,
          null,
          null,
          null,
          null,
          null,
          null,
          null,
          null,
          null,
          null,
          null,
          null,
          null,
          null,
          null,
          null,
          null,
          null,
          null,
          null,
          null,
          null,
          null,
          null,
          null,
          null,
          null,
          null,
          null,
          null,
          null,
          null,
          null,
          null,
          null,
          null,
          null,
          null,
          null,
          null,
          null,
          null,
          null,
          null,
          null,
          null,
          null,
          null,
          null,
          null,
          null,
          null,
          null,
          null,
          null,
          0
        ],
        "branches": {
        }
      },
      "/Users/akshay/Downloads/Projects/Practice/emeritus_assignment/app/controllers/concerns/exception_handler.rb": {
        "lines": [
          0,
          null,
          0,
          null,
          0,
          0,
          0,
          0,
          0,
          0,
          0,
          null,
          0,
          0,
          0,
          0,
          0,
          0,
          0,
          0
        ],
        "branches": {
        }
      },
      "/Users/akshay/Downloads/Projects/Practice/emeritus_assignment/app/helpers/batches_helper.rb": {
        "lines": [
          0,
          0
        ],
        "branches": {
        }
      },
      "/Users/akshay/Downloads/Projects/Practice/emeritus_assignment/app/helpers/enrollment_requests_helper.rb": {
        "lines": [
          0,
          0
        ],
        "branches": {
        }
      },
      "/Users/akshay/Downloads/Projects/Practice/emeritus_assignment/app/helpers/users_helper.rb": {
        "lines": [
          0,
          0
        ],
        "branches": {
        }
      },
      "/Users/akshay/Downloads/Projects/Practice/emeritus_assignment/app/helpers/courses_helper.rb": {
        "lines": [
          0,
          0
        ],
        "branches": {
        }
      },
      "/Users/akshay/Downloads/Projects/Practice/emeritus_assignment/app/helpers/schools_helper.rb": {
        "lines": [
          0,
          0
        ],
        "branches": {
        }
      },
      "/Users/akshay/Downloads/Projects/Practice/emeritus_assignment/app/helpers/application_helper.rb": {
        "lines": [
          0,
          0
        ],
        "branches": {
        }
      },
      "/Users/akshay/Downloads/Projects/Practice/emeritus_assignment/app/channels/application_cable/connection.rb": {
        "lines": [
          0,
          0,
          0,
          0
        ],
        "branches": {
        }
      },
      "/Users/akshay/Downloads/Projects/Practice/emeritus_assignment/app/channels/application_cable/channel.rb": {
        "lines": [
          0,
          0,
          0,
          0
        ],
        "branches": {
        }
      }
    },
    "timestamp": 1680069025
  }
}
